0 info it worked if it ends with ok
1 verbose cli [ '/home/sergio/.nvm/versions/node/v7.5.0/bin/node',
1 verbose cli   '/home/sergio/.nvm/versions/node/v7.5.0/bin/npm',
1 verbose cli   'publish' ]
2 info using npm@4.1.2
3 info using node@v7.5.0
4 verbose publish [ '.' ]
5 silly cache add args [ '.', null ]
6 verbose cache add spec .
7 silly cache add parsed spec Result {
7 silly cache add   raw: '.',
7 silly cache add   scope: null,
7 silly cache add   escapedName: null,
7 silly cache add   name: null,
7 silly cache add   rawSpec: '.',
7 silly cache add   spec: '/mnt/d/bombadil',
7 silly cache add   type: 'directory' }
8 verbose addLocalDirectory /home/sergio/.npm/@sgarciac/bombadil/0.0.2/package.tgz not in flight; packing
9 verbose correctMkdir /home/sergio/.npm correctMkdir not in flight; initializing
10 info lifecycle @sgarciac/bombadil@0.0.2~prepublish: @sgarciac/bombadil@0.0.2
11 silly lifecycle @sgarciac/bombadil@0.0.2~prepublish: no script for prepublish, continuing
12 info lifecycle @sgarciac/bombadil@0.0.2~prepare: @sgarciac/bombadil@0.0.2
13 silly lifecycle @sgarciac/bombadil@0.0.2~prepare: no script for prepare, continuing
14 verbose tar pack [ '/home/sergio/.npm/@sgarciac/bombadil/0.0.2/package.tgz',
14 verbose tar pack   '/mnt/d/bombadil' ]
15 verbose tarball /home/sergio/.npm/@sgarciac/bombadil/0.0.2/package.tgz
16 verbose folder /mnt/d/bombadil
17 verbose addLocalTarball adding from inside cache /home/sergio/.npm/@sgarciac/bombadil/0.0.2/package.tgz
18 verbose correctMkdir /home/sergio/.npm correctMkdir not in flight; initializing
19 silly cache afterAdd @sgarciac/bombadil@0.0.2
20 verbose afterAdd /home/sergio/.npm/@sgarciac/bombadil/0.0.2/package/package.json not in flight; writing
21 verbose correctMkdir /home/sergio/.npm correctMkdir not in flight; initializing
22 verbose afterAdd /home/sergio/.npm/@sgarciac/bombadil/0.0.2/package/package.json written
23 silly publish { name: '@sgarciac/bombadil',
23 silly publish   version: '0.0.2',
23 silly publish   description: 'A TOML parser',
23 silly publish   main: 'lib/bombadil',
23 silly publish   types: 'lib/bombadil',
23 silly publish   keywords: [ 'toml', 'parser' ],
23 silly publish   author: { name: 'sergio', email: 'sergio.garcia@gmail.com' },
23 silly publish   license: 'Artistic-2.0',
23 silly publish   dependencies:
23 silly publish    { chevrotain: '^0.25.1',
23 silly publish      'lodash.includes': '^4.3.0',
23 silly publish      'lodash.last': '^3.0.0' },
23 silly publish   devDependencies:
23 silly publish    { '@types/lodash.includes': '^4.3.2',
23 silly publish      '@types/lodash.last': '^3.0.2',
23 silly publish      '@types/node': '^7.0.12',
23 silly publish      'ts-loader': '^2.0.3',
23 silly publish      tslint: '^5.1.0',
23 silly publish      'tslint-loader': '^3.5.3',
23 silly publish      typescript: '^2.2.2' },
23 silly publish   scripts:
23 silly publish    { build: 'tsc -p .',
23 silly publish      lint: 'tslint -c tslint.json \'src/*.ts\'' },
23 silly publish   readme: '# bombadil\nCopyright Sergio Garcia\n\nTOML parser in typescript \n',
23 silly publish   readmeFilename: 'README.md',
23 silly publish   gitHead: '40dd7fbeed278e8b89e9b9bee700f173a80d136f',
23 silly publish   _id: '@sgarciac/bombadil@0.0.2',
23 silly publish   _shasum: '30d18d78c808f4f9fe25a16a53cab455d6c0e72a',
23 silly publish   _from: '.' }
24 info lifecycle @sgarciac/bombadil@0.0.2~prepublishOnly: @sgarciac/bombadil@0.0.2
25 silly lifecycle @sgarciac/bombadil@0.0.2~prepublishOnly: no script for prepublishOnly, continuing
26 verbose getPublishConfig undefined
27 silly mapToRegistry name @sgarciac/bombadil
28 silly mapToRegistry scope (from package name) @sgarciac
29 verbose mapToRegistry no registry URL found in name for scope @sgarciac
30 silly mapToRegistry using default registry
31 silly mapToRegistry registry https://registry.npmjs.org/
32 silly mapToRegistry data Result {
32 silly mapToRegistry   raw: '@sgarciac/bombadil',
32 silly mapToRegistry   scope: '@sgarciac',
32 silly mapToRegistry   escapedName: '@sgarciac%2fbombadil',
32 silly mapToRegistry   name: '@sgarciac/bombadil',
32 silly mapToRegistry   rawSpec: '',
32 silly mapToRegistry   spec: 'latest',
32 silly mapToRegistry   type: 'tag' }
33 silly mapToRegistry uri https://registry.npmjs.org/@sgarciac%2fbombadil
34 verbose publish registryBase https://registry.npmjs.org/
35 silly publish uploading /home/sergio/.npm/@sgarciac/bombadil/0.0.2/package.tgz
36 verbose request uri https://registry.npmjs.org/@sgarciac%2fbombadil
37 verbose request sending authorization for write operation
38 info attempt registry request try #1 at 2:09:16 PM
39 verbose request using bearer token for auth
40 verbose request id ed8e56874f34635a
41 http request PUT https://registry.npmjs.org/@sgarciac%2fbombadil
42 http 403 https://registry.npmjs.org/@sgarciac%2fbombadil
43 verbose headers { 'content-type': 'application/json',
43 verbose headers   'cache-control': 'max-age=0',
43 verbose headers   'content-length': '95',
43 verbose headers   'accept-ranges': 'bytes',
43 verbose headers   date: 'Fri, 28 Apr 2017 19:09:18 GMT',
43 verbose headers   via: '1.1 varnish',
43 verbose headers   connection: 'keep-alive',
43 verbose headers   'x-served-by': 'cache-iad2644-IAD',
43 verbose headers   'x-cache': 'MISS',
43 verbose headers   'x-cache-hits': '0',
43 verbose headers   'x-timer': 'S1493406557.339286,VS0,VE933' }
44 verbose request invalidating /home/sergio/.npm/registry.npmjs.org/_40sgarciac_252fbombadil on PUT
45 error publish Failed PUT 403
46 verbose stack Error: "You cannot publish over the previously published version 0.0.2." : @sgarciac/bombadil
46 verbose stack     at makeError (/home/sergio/.nvm/versions/node/v7.5.0/lib/node_modules/npm/node_modules/npm-registry-client/lib/request.js:304:12)
46 verbose stack     at CachingRegistryClient.<anonymous> (/home/sergio/.nvm/versions/node/v7.5.0/lib/node_modules/npm/node_modules/npm-registry-client/lib/request.js:292:14)
46 verbose stack     at Request._callback (/home/sergio/.nvm/versions/node/v7.5.0/lib/node_modules/npm/node_modules/npm-registry-client/lib/request.js:212:14)
46 verbose stack     at Request.self.callback (/home/sergio/.nvm/versions/node/v7.5.0/lib/node_modules/npm/node_modules/request/request.js:186:22)
46 verbose stack     at emitTwo (events.js:106:13)
46 verbose stack     at Request.emit (events.js:192:7)
46 verbose stack     at Request.<anonymous> (/home/sergio/.nvm/versions/node/v7.5.0/lib/node_modules/npm/node_modules/request/request.js:1081:10)
46 verbose stack     at emitOne (events.js:96:13)
46 verbose stack     at Request.emit (events.js:189:7)
46 verbose stack     at IncomingMessage.<anonymous> (/home/sergio/.nvm/versions/node/v7.5.0/lib/node_modules/npm/node_modules/request/request.js:1001:12)
47 verbose statusCode 403
48 verbose pkgid @sgarciac/bombadil
49 verbose cwd /mnt/d/bombadil
50 error Linux 3.4.0+
51 error argv "/home/sergio/.nvm/versions/node/v7.5.0/bin/node" "/home/sergio/.nvm/versions/node/v7.5.0/bin/npm" "publish"
52 error node v7.5.0
53 error npm  v4.1.2
54 error code E403
55 error "You cannot publish over the previously published version 0.0.2." : @sgarciac/bombadil
56 error If you need help, you may report this error at:
56 error     <https://github.com/npm/npm/issues>
57 verbose exit [ 1, true ]
